<?xml version="1.0" encoding="UTF-8"?>
<coverage generated="1604958329104" clover="3.2.0">
  <project timestamp="1604958329104" name="All files">
    <metrics statements="12" coveredstatements="12" conditionals="0" coveredconditionals="0" methods="0" coveredmethods="0" elements="12" coveredelements="12" complexity="0" loc="12" ncloc="12" packages="2" files="12" classes="12"/>
    <package name="images">
      <metrics statements="1" coveredstatements="1" conditionals="0" coveredconditionals="0" methods="0" coveredmethods="0"/>
      <file name="logo.png" path="C:\Users\ralf.rocha\projects\onboarding\reactstone-app\src\images\logo.png">
        <metrics statements="1" coveredstatements="1" conditionals="0" coveredconditionals="0" methods="0" coveredmethods="0"/>
        <line num="1" count="4" type="stmt"/>
      </file>
    </package>
    <package name="images.classes">
      <metrics statements="11" coveredstatements="11" conditionals="0" coveredconditionals="0" methods="0" coveredmethods="0"/>
      <file name="class-demonhunter.png" path="C:\Users\ralf.rocha\projects\onboarding\reactstone-app\src\images\classes\class-demonhunter.png">
        <metrics statements="1" coveredstatements="1" conditionals="0" coveredconditionals="0" methods="0" coveredmethods="0"/>
        <line num="1" count="5" type="stmt"/>
      </file>
      <file name="class-druid.png" path="C:\Users\ralf.rocha\projects\onboarding\reactstone-app\src\images\classes\class-druid.png">
        <metrics statements="1" coveredstatements="1" conditionals="0" coveredconditionals="0" methods="0" coveredmethods="0"/>
        <line num="1" count="5" type="stmt"/>
      </file>
      <file name="class-hunter.png" path="C:\Users\ralf.rocha\projects\onboarding\reactstone-app\src\images\classes\class-hunter.png">
        <metrics statements="1" coveredstatements="1" conditionals="0" coveredconditionals="0" methods="0" coveredmethods="0"/>
        <line num="1" count="5" type="stmt"/>
      </file>
      <file name="class-mage.png" path="C:\Users\ralf.rocha\projects\onboarding\reactstone-app\src\images\classes\class-mage.png">
        <metrics statements="1" coveredstatements="1" conditionals="0" coveredconditionals="0" methods="0" coveredmethods="0"/>
        <line num="1" count="5" type="stmt"/>
      </file>
      <file name="class-neutral.png" path="C:\Users\ralf.rocha\projects\onboarding\reactstone-app\src\images\classes\class-neutral.png">
        <metrics statements="1" coveredstatements="1" conditionals="0" coveredconditionals="0" methods="0" coveredmethods="0"/>
        <line num="1" count="5" type="stmt"/>
      </file>
      <file name="class-paladin.png" path="C:\Users\ralf.rocha\projects\onboarding\reactstone-app\src\images\classes\class-paladin.png">
        <metrics statements="1" coveredstatements="1" conditionals="0" coveredconditionals="0" methods="0" coveredmethods="0"/>
        <line num="1" count="5" type="stmt"/>
      </file>
      <file name="class-priest.png" path="C:\Users\ralf.rocha\projects\onboarding\reactstone-app\src\images\classes\class-priest.png">
        <metrics statements="1" coveredstatements="1" conditionals="0" coveredconditionals="0" methods="0" coveredmethods="0"/>
        <line num="1" count="5" type="stmt"/>
      </file>
      <file name="class-rogue.png" path="C:\Users\ralf.rocha\projects\onboarding\reactstone-app\src\images\classes\class-rogue.png">
        <metrics statements="1" coveredstatements="1" conditionals="0" coveredconditionals="0" methods="0" coveredmethods="0"/>
        <line num="1" count="5" type="stmt"/>
      </file>
      <file name="class-shaman.png" path="C:\Users\ralf.rocha\projects\onboarding\reactstone-app\src\images\classes\class-shaman.png">
        <metrics statements="1" coveredstatements="1" conditionals="0" coveredconditionals="0" methods="0" coveredmethods="0"/>
        <line num="1" count="5" type="stmt"/>
      </file>
      <file name="class-warlock.png" path="C:\Users\ralf.rocha\projects\onboarding\reactstone-app\src\images\classes\class-warlock.png">
        <metrics statements="1" coveredstatements="1" conditionals="0" coveredconditionals="0" methods="0" coveredmethods="0"/>
        <line num="1" count="5" type="stmt"/>
      </file>
      <file name="class-warrior.png" path="C:\Users\ralf.rocha\projects\onboarding\reactstone-app\src\images\classes\class-warrior.png">
        <metrics statements="1" coveredstatements="1" conditionals="0" coveredconditionals="0" methods="0" coveredmethods="0"/>
        <line num="1" count="5" type="stmt"/>
      </file>
    </package>
  </project>
</coverage>
