{"C:\\Users\\ralf.rocha\\projects\\onboarding\\reactstone-app\\src\\images\\logo.png": {"path":"C:\\Users\\ralf.rocha\\projects\\onboarding\\reactstone-app\\src\\images\\logo.png","statementMap":{"0":{"start":{"line":1,"column":0},"end":{"line":1,"column":38649}}},"fnMap":{},"branchMap":{},"s":{"0":4},"f":{},"b":{},"inputSourceMap":null,"_coverageSchema":"1a1c01bbd47fc00a2c39e90264f33305004495a9","hash":"31ffd2636a7cd70002b3c3d24befc714866a2ef9"}
,"C:\\Users\\ralf.rocha\\projects\\onboarding\\reactstone-app\\src\\images\\classes\\class-demonhunter.png": {"path":"C:\\Users\\ralf.rocha\\projects\\onboarding\\reactstone-app\\src\\images\\classes\\class-demonhunter.png","statementMap":{"0":{"start":{"line":1,"column":0},"end":{"line":1,"column":5025}}},"fnMap":{},"branchMap":{},"s":{"0":5},"f":{},"b":{},"inputSourceMap":null,"_coverageSchema":"1a1c01bbd47fc00a2c39e90264f33305004495a9","hash":"d5e1cb4fb59f76a26df62885e63e52a816b22957"}
,"C:\\Users\\ralf.rocha\\projects\\onboarding\\reactstone-app\\src\\images\\classes\\class-druid.png": {"path":"C:\\Users\\ralf.rocha\\projects\\onboarding\\reactstone-app\\src\\images\\classes\\class-druid.png","statementMap":{"0":{"start":{"line":1,"column":0},"end":{"line":1,"column":6141}}},"fnMap":{},"branchMap":{},"s":{"0":5},"f":{},"b":{},"inputSourceMap":null,"_coverageSchema":"1a1c01bbd47fc00a2c39e90264f33305004495a9","hash":"1e558e9ec431d7d234e65ce213043a7de297a904"}
,"C:\\Users\\ralf.rocha\\projects\\onboarding\\reactstone-app\\src\\images\\classes\\class-hunter.png": {"path":"C:\\Users\\ralf.rocha\\projects\\onboarding\\reactstone-app\\src\\images\\classes\\class-hunter.png","statementMap":{"0":{"start":{"line":1,"column":0},"end":{"line":1,"column":4401}}},"fnMap":{},"branchMap":{},"s":{"0":5},"f":{},"b":{},"inputSourceMap":null,"_coverageSchema":"1a1c01bbd47fc00a2c39e90264f33305004495a9","hash":"d252164f1b80db9445176be1a93da844ef9e6c18"}
,"C:\\Users\\ralf.rocha\\projects\\onboarding\\reactstone-app\\src\\images\\classes\\class-mage.png": {"path":"C:\\Users\\ralf.rocha\\projects\\onboarding\\reactstone-app\\src\\images\\classes\\class-mage.png","statementMap":{"0":{"start":{"line":1,"column":0},"end":{"line":1,"column":6037}}},"fnMap":{},"branchMap":{},"s":{"0":5},"f":{},"b":{},"inputSourceMap":null,"_coverageSchema":"1a1c01bbd47fc00a2c39e90264f33305004495a9","hash":"e5e0cb9c02f4e09380f1545b424da22c56cb21ad"}
,"C:\\Users\\ralf.rocha\\projects\\onboarding\\reactstone-app\\src\\images\\classes\\class-neutral.png": {"path":"C:\\Users\\ralf.rocha\\projects\\onboarding\\reactstone-app\\src\\images\\classes\\class-neutral.png","statementMap":{"0":{"start":{"line":1,"column":0},"end":{"line":1,"column":5305}}},"fnMap":{},"branchMap":{},"s":{"0":5},"f":{},"b":{},"inputSourceMap":null,"_coverageSchema":"1a1c01bbd47fc00a2c39e90264f33305004495a9","hash":"ae1038ad64d99995e1e7fb9fdf2413a4398a2e2d"}
,"C:\\Users\\ralf.rocha\\projects\\onboarding\\reactstone-app\\src\\images\\classes\\class-paladin.png": {"path":"C:\\Users\\ralf.rocha\\projects\\onboarding\\reactstone-app\\src\\images\\classes\\class-paladin.png","statementMap":{"0":{"start":{"line":1,"column":0},"end":{"line":1,"column":5993}}},"fnMap":{},"branchMap":{},"s":{"0":5},"f":{},"b":{},"inputSourceMap":null,"_coverageSchema":"1a1c01bbd47fc00a2c39e90264f33305004495a9","hash":"3d9e063d1e4a1dd248eee39276f91f942976c0d5"}
,"C:\\Users\\ralf.rocha\\projects\\onboarding\\reactstone-app\\src\\images\\classes\\class-priest.png": {"path":"C:\\Users\\ralf.rocha\\projects\\onboarding\\reactstone-app\\src\\images\\classes\\class-priest.png","statementMap":{"0":{"start":{"line":1,"column":0},"end":{"line":1,"column":5605}}},"fnMap":{},"branchMap":{},"s":{"0":5},"f":{},"b":{},"inputSourceMap":null,"_coverageSchema":"1a1c01bbd47fc00a2c39e90264f33305004495a9","hash":"8a1e6bac39ceb7af7a4e2a45926c360e75fd6e59"}
,"C:\\Users\\ralf.rocha\\projects\\onboarding\\reactstone-app\\src\\images\\classes\\class-rogue.png": {"path":"C:\\Users\\ralf.rocha\\projects\\onboarding\\reactstone-app\\src\\images\\classes\\class-rogue.png","statementMap":{"0":{"start":{"line":1,"column":0},"end":{"line":1,"column":5661}}},"fnMap":{},"branchMap":{},"s":{"0":5},"f":{},"b":{},"inputSourceMap":null,"_coverageSchema":"1a1c01bbd47fc00a2c39e90264f33305004495a9","hash":"af02316b7fab33e3b8c431059705f6b4b8c35fe4"}
,"C:\\Users\\ralf.rocha\\projects\\onboarding\\reactstone-app\\src\\images\\classes\\class-shaman.png": {"path":"C:\\Users\\ralf.rocha\\projects\\onboarding\\reactstone-app\\src\\images\\classes\\class-shaman.png","statementMap":{"0":{"start":{"line":1,"column":0},"end":{"line":1,"column":5469}}},"fnMap":{},"branchMap":{},"s":{"0":5},"f":{},"b":{},"inputSourceMap":null,"_coverageSchema":"1a1c01bbd47fc00a2c39e90264f33305004495a9","hash":"f4613de984416f8f2f16319a201b3e4f819d6636"}
,"C:\\Users\\ralf.rocha\\projects\\onboarding\\reactstone-app\\src\\images\\classes\\class-warlock.png": {"path":"C:\\Users\\ralf.rocha\\projects\\onboarding\\reactstone-app\\src\\images\\classes\\class-warlock.png","statementMap":{"0":{"start":{"line":1,"column":0},"end":{"line":1,"column":6041}}},"fnMap":{},"branchMap":{},"s":{"0":5},"f":{},"b":{},"inputSourceMap":null,"_coverageSchema":"1a1c01bbd47fc00a2c39e90264f33305004495a9","hash":"26a8b9278957875508cdecb91cdbef4d1360cd2f"}
,"C:\\Users\\ralf.rocha\\projects\\onboarding\\reactstone-app\\src\\images\\classes\\class-warrior.png": {"path":"C:\\Users\\ralf.rocha\\projects\\onboarding\\reactstone-app\\src\\images\\classes\\class-warrior.png","statementMap":{"0":{"start":{"line":1,"column":0},"end":{"line":1,"column":5433}}},"fnMap":{},"branchMap":{},"s":{"0":5},"f":{},"b":{},"inputSourceMap":null,"_coverageSchema":"1a1c01bbd47fc00a2c39e90264f33305004495a9","hash":"153d250071bdc8d8f654ce6b129ef08aa2f8256a"}
}
